<?xml version="1.0" encoding="UTF-8"?>
<!-- Generated by org.testng.reporters.JUnitReportReporter -->
<testsuite hostname="DESKTOP-2VJ9K9G" failures="0" tests="3" name="com.testng.Guru99" time="8.262" errors="0" timestamp="2022-12-12T09:20:21 PST" skipped="0">
  <testcase classname="com.testng.Guru99" name="search" time="2.280"/>
  <system-out>
    <![CDATA[Keyword entered is : MicroSoft JAVED
Search results are displayed.]]>
  </system-out>
  <testcase classname="com.testng.Guru99" name="search" time="4.625"/>
  <system-out>
    <![CDATA[Keyword entered is : Google to
Search results are displayed.]]>
  </system-out>
  <testcase classname="com.testng.Guru99" name="search" time="1.357"/>
  <system-out>
    <![CDATA[Keyword entered is : Apple gulu
Search results are displayed.]]>
  </system-out>
</testsuite> <!-- com.testng.Guru99 -->
